<?xml version="1.0" encoding="UTF-8" ?>
<testsuites errors="2"
            failures="3"
            tests="2">

  <testsuite name="desks"
    errors="2" failures="3" hostname="" id="" package="desks" skipped="0"
    tests="2" time="186.1" timestamp="">
  
    <testcase name="UPL960" classname="desks" time="86.03" assertions="68">

    

    

    

    

    

    

    

    

    

    

    

    

    

    

    

    

    

    

    

    

    

    

    

    

    

    

    

    

    

    

    

    

    

    

    

    

    

    

    

    

    

    

    

    

    

    

    

    

    

    

    

    

    

    

    

    

    

    

    

    

    

      <failure message="Testing if element &lt;Element [name=@blkDigKeyVer]&gt; is present in 5000ms - expected &#34;is present&#34; but got: &#34;not present&#34; (5344ms)">    at Page.clicknVerif (E:\DevMountain\AllAutomation\Desks\assets\deskObj.js:5:21)
    at E:\DevMountain\AllAutomation\Desks\desks.js:90:18
    at Array.forEach (&lt;anonymous&gt;)
    at Object.UPL960 (E:\DevMountain\AllAutomation\Desks\desks.js:88:20)</failure>

    

    

    

    

    

    
    <error message="Error while running &#34;elementPresent&#34; command: Testing if element [0;33m&lt;Element [name=@blkDigKeyVer]&gt;[0m is present in 5000ms - expected [0;32m&#34;is present&#34;[0m but got: [0;31m&#34;not present&#34;[0m [0;90m(5344ms)[0m" type="error"><![CDATA[
        at Page.clicknVerif (E:\DevMountain\AllAutomation\Desks\assets\deskObj.js:5:21)
    at E:\DevMountain\AllAutomation\Desks\desks.js:90:18
    at Array.forEach (&lt;anonymous&gt;)
    at Object.UPL960 (E:\DevMountain\AllAutomation\Desks\desks.js:88:20)
    ]]></error>
    
    </testcase>
  
    <testcase name="UPL 912" classname="desks" time="100.1" assertions="50">

    

    

    

    

    

    

    

    

    

    

    

    

    

    

    

    

    

    

    

    

    

    

    

    

    

    

    

    

    

    

      <failure message="Testing if element &lt;Element [name=@fortyFourByThirtyVer]&gt; is present in 5000ms - expected &#34;is present&#34; but got: &#34;not present&#34; (5344ms)">    at Page.clicknVerif (E:\DevMountain\AllAutomation\Desks\assets\lamStandObj.js:5:21)
    at E:\DevMountain\AllAutomation\Desks\desks.js:116:18
    at Array.forEach (&lt;anonymous&gt;)
    at Object.UPL 912 (E:\DevMountain\AllAutomation\Desks\desks.js:114:20)</failure>

    

    

    

    

    

    

    

    

    

    

    

    

    

    

    

    

    

      <failure message="Timed out while waiting for element &lt;//a[contains(text(), &#34;No, Thank You&#34;)]&gt; to be present for 60000 milliseconds. - expected &#34;visible&#34; but got: &#34;not found&#34; (60408ms)">    at Object.UPL 912 (E:\DevMountain\AllAutomation\Desks\desks.js:118:21)</failure>

    
    <error message="Timed out while waiting for element &lt;//a[contains(text(), &#34;No, Thank You&#34;)]&gt; to be present for 60000 milliseconds. - expected [0;32m&#34;visible&#34;[0m but got: [0;31m&#34;not found&#34;[0m [0;90m(60408ms)[0m" type="error"><![CDATA[
        at Object.UPL 912 (E:\DevMountain\AllAutomation\Desks\desks.js:118:21)
    ]]></error>
    
    </testcase>
  

  
    <system-err>
        TimeoutError: An error occurred while running .click() command on &lt;Element [name=@blkDigKey]&gt;:   (Session info: chrome=84.0.4147.135),  (Driver info: chromedriver=84.0.4147.30 (48b3e868b4cc0aa7e8149519690b6f6949e110a8-refs/branch-heads/4147@{#310}),platform=Windows NT 10.0.19041 x86_64); element not interactable
   {&#34;status&#34;:-1,&#34;state&#34;:&#34;&#34;,&#34;value&#34;:{&#34;message&#34;:&#34;element not interactable&#34;,&#34;error&#34;:[&#34;  (Session info: chrome=84.0.4147.135)&#34;,&#34;  (Driver info: chromedriver=84.0.4147.30 (48b3e868b4cc0aa7e8149519690b6f6949e110a8-refs/branch-heads/4147@{#310}),platform=Windows NT 10.0.19041 x86_64)&#34;]},&#34;errorStatus&#34;:11,&#34;error&#34;:&#34;element not interactable&#34;,&#34;httpStatusCode&#34;:200}
       at runMicrotasks (&lt;anonymous&gt;)
       at processTicksAndRejections (internal/process/task_queues.js:97:5)
  TimeoutError: An error occurred while running .click() command on &lt;Element [name=@fortyFourByThirty]&gt;:   (Session info: chrome=84.0.4147.135),  (Driver info: chromedriver=84.0.4147.30 (48b3e868b4cc0aa7e8149519690b6f6949e110a8-refs/branch-heads/4147@{#310}),platform=Windows NT 10.0.19041 x86_64); element not interactable
   {&#34;status&#34;:-1,&#34;state&#34;:&#34;&#34;,&#34;value&#34;:{&#34;message&#34;:&#34;element not interactable&#34;,&#34;error&#34;:[&#34;  (Session info: chrome=84.0.4147.135)&#34;,&#34;  (Driver info: chromedriver=84.0.4147.30 (48b3e868b4cc0aa7e8149519690b6f6949e110a8-refs/branch-heads/4147@{#310}),platform=Windows NT 10.0.19041 x86_64)&#34;]},&#34;errorStatus&#34;:11,&#34;error&#34;:&#34;element not interactable&#34;,&#34;httpStatusCode&#34;:200}
       at runMicrotasks (&lt;anonymous&gt;)
       at processTicksAndRejections (internal/process/task_queues.js:97:5)
    </system-err>
  

    

  
  </testsuite>
</testsuites>
